<?xml version="1.0" encoding="UTF-8"?>
<!-- Generated by org.testng.reporters.JUnitXMLReporter -->
<testsuite hostname="TRAININGPC" name="Test" tests="3" failures="0" timestamp="15 Jul 2014 03:07:58 GMT" time="0.022" errors="0">
  <testcase name="testSomething" time="0.006" classname="edu.wbqa.ut2.LargestTest"/>
  <testcase name="testSomething" time="0.001" classname="edu.wbqa.ut2.LargestTest"/>
  <testcase name="testSomething" time="0.0" classname="edu.wbqa.ut2.LargestTest"/>
</testsuite> <!-- Test -->
