<?xml version="1.0" encoding="UTF-8"?>
<testng-results skipped="0" failed="0" total="2" passed="2">
  <reporter-output>
  </reporter-output>
  <suite name="Default suite" duration-ms="19425" started-at="2015-03-17T03:26:59Z" finished-at="2015-03-17T03:27:19Z">
    <groups>
    </groups>
    <test name="Default test" duration-ms="19425" started-at="2015-03-17T03:26:59Z" finished-at="2015-03-17T03:27:19Z">
      <class name="edu.wbqa.ft.ContactPage">
        <test-method status="PASS" signature="clearSubmission()[pri:0, instance:edu.wbqa.ft.ContactPage@48ca328f]" name="clearSubmission" duration-ms="10348" started-at="2015-03-16T20:26:59Z" finished-at="2015-03-16T20:27:10Z">
          <reporter-output>
          </reporter-output>
        </test-method> <!-- clearSubmission -->
        <test-method status="PASS" signature="contactSubmission()[pri:0, instance:edu.wbqa.ft.ContactPage@48ca328f]" name="contactSubmission" duration-ms="9058" started-at="2015-03-16T20:27:10Z" finished-at="2015-03-16T20:27:19Z">
          <reporter-output>
          </reporter-output>
        </test-method> <!-- contactSubmission -->
      </class> <!-- edu.wbqa.ft.ContactPage -->
    </test> <!-- Default test -->
  </suite> <!-- Default suite -->
</testng-results>
